<?xml version="1.0" encoding="UTF-8"?>
<!-- Generated by org.testng.reporters.JUnitReportReporter -->
<testsuite hostname="DESKTOP-GIPD38A" failures="0" tests="7" name="com.TestClass.IndexPageTestt" time="27.016" errors="0" timestamp="2024-12-29T16:02:39 IST" skipped="0">
  <testcase classname="com.TestClass.IndexPageTestt" name="Test1" time="0.215"/>
  <system-out/>
  <testcase classname="com.TestClass.IndexPageTestt" name="validateSignup" time="4.723"/>
  <system-out/>
  <testcase classname="com.TestClass.IndexPageTestt" name="validateLogin" time="4.646"/>
  <system-out/>
  <testcase classname="com.TestClass.IndexPageTestt" name="testCategoriesAndOptions" time="0.209"/>
  <system-out/>
  <testcase classname="com.TestClass.IndexPageTestt" name="testAddProductToCart" time="4.048"/>
  <system-out/>
  <testcase classname="com.TestClass.IndexPageTestt" name="clickOnCart" time="7.674"/>
  <system-out/>
  <testcase classname="com.TestClass.IndexPageTestt" name="OrderDetails" time="5.501"/>
  <system-out/>
</testsuite> <!-- com.TestClass.IndexPageTestt -->
