<?xml version="1.0" encoding="UTF-8"?>
<!-- Generated by org.testng.reporters.JUnitReportReporter -->
<testsuite hostname="DESKTOP-GIPD38A" failures="0" tests="8" name="com.TestClass.HomePageTest" time="10.646" errors="0" timestamp="2024-12-29T19:31:52 IST" skipped="0">
  <testcase classname="com.TestClass.HomePageTest" name="Test1" time="0.145"/>
  <system-out/>
  <testcase classname="com.TestClass.HomePageTest" name="validateSignup" time="4.591"/>
  <system-out/>
  <testcase classname="com.TestClass.HomePageTest" name="validateLogin" time="4.614"/>
  <system-out/>
  <testcase classname="com.TestClass.HomePageTest" name="validateNumberOfCategories" time="0.160"/>
  <system-out/>
  <testcase classname="com.TestClass.HomePageTest" name="validateListOfCategories" time="0.182"/>
  <system-out/>
  <testcase classname="com.TestClass.HomePageTest" name="validatePhoneProducts" time="0.310"/>
  <system-out/>
  <testcase classname="com.TestClass.HomePageTest" name="validateLaptopProducts" time="0.335"/>
  <system-out/>
  <testcase classname="com.TestClass.HomePageTest" name="validateMonitorProducts" time="0.309"/>
  <system-out/>
</testsuite> <!-- com.TestClass.HomePageTest -->
