<?xml version="1.0" encoding="UTF-8"?>
<!-- Generated by org.testng.reporters.JUnitReportReporter -->
<testsuite hostname="DESKTOP-GIPD38A" failures="0" tests="7" name="com.TestClass.IndexPageTest" time="25.003" errors="0" timestamp="2024-12-29T19:38:12 IST" skipped="0">
  <testcase classname="com.TestClass.IndexPageTest" name="Test1" time="0.167"/>
  <system-out/>
  <testcase classname="com.TestClass.IndexPageTest" name="validateSignup" time="4.630"/>
  <system-out/>
  <testcase classname="com.TestClass.IndexPageTest" name="validateLogin" time="4.588"/>
  <system-out/>
  <testcase classname="com.TestClass.IndexPageTest" name="testCategoriesAndOptions" time="0.150"/>
  <system-out/>
  <testcase classname="com.TestClass.IndexPageTest" name="testAddProductToCart" time="3.395"/>
  <system-out/>
  <testcase classname="com.TestClass.IndexPageTest" name="clickOnCart" time="7.258"/>
  <system-out/>
  <testcase classname="com.TestClass.IndexPageTest" name="OrderDetails" time="4.815"/>
  <system-out/>
</testsuite> <!-- com.TestClass.IndexPageTest -->
